<?xml version="1.0" encoding="UTF-8"?>
<testng-results skipped="0" failed="0" ignored="0" total="1" passed="1">
  <reporter-output>
  </reporter-output>
  <suite name="Default suite" duration-ms="22155" started-at="2023-04-04T19:55:11 IST" finished-at="2023-04-04T19:55:33 IST">
    <groups>
    </groups>
    <test name="Default test" duration-ms="22155" started-at="2023-04-04T19:55:11 IST" finished-at="2023-04-04T19:55:33 IST">
      <class name="testcases.LogOutTestCase">
        <test-method status="PASS" signature="setup()[pri:0, instance:testcases.LogOutTestCase@150c158]" name="setup" is-config="true" duration-ms="7516" started-at="2023-04-04T19:55:11 IST" finished-at="2023-04-04T19:55:19 IST">
          <reporter-output>
          </reporter-output>
        </test-method> <!-- setup -->
        <test-method status="PASS" signature="addMultiProdToCartShoppAndLogOut()[pri:0, instance:testcases.LogOutTestCase@150c158]" name="addMultiProdToCartShoppAndLogOut" duration-ms="13805" started-at="2023-04-04T19:55:20 IST" finished-at="2023-04-04T19:55:33 IST">
          <reporter-output>
          </reporter-output>
        </test-method> <!-- addMultiProdToCartShoppAndLogOut -->
        <test-method status="PASS" signature="tear()[pri:0, instance:testcases.LogOutTestCase@150c158]" name="tear" is-config="true" duration-ms="1" started-at="2023-04-04T19:55:33 IST" finished-at="2023-04-04T19:55:33 IST">
          <reporter-output>
          </reporter-output>
        </test-method> <!-- tear -->
      </class> <!-- testcases.LogOutTestCase -->
    </test> <!-- Default test -->
  </suite> <!-- Default suite -->
</testng-results>
