<?xml version="1.0" encoding="UTF-8"?>
<testng-results skipped="0" failed="0" ignored="0" total="1" passed="1">
  <reporter-output>
  </reporter-output>
  <suite name="Default suite" duration-ms="43626" started-at="2023-04-01T00:43:30 IST" finished-at="2023-04-01T00:44:14 IST">
    <groups>
    </groups>
    <test name="Default test" duration-ms="43626" started-at="2023-04-01T00:43:30 IST" finished-at="2023-04-01T00:44:14 IST">
      <class name="testcases.AddMultipleProducTestCase">
        <test-method status="PASS" signature="setup()[pri:0, instance:testcases.AddMultipleProducTestCase@150c158]" name="setup" is-config="true" duration-ms="32568" started-at="2023-04-01T00:43:30 IST" finished-at="2023-04-01T00:44:03 IST">
          <reporter-output>
          </reporter-output>
        </test-method> <!-- setup -->
        <test-method status="PASS" signature="addMultiProdToCart()[pri:0, instance:testcases.AddMultipleProducTestCase@150c158]" name="addMultiProdToCart" duration-ms="10932" started-at="2023-04-01T00:44:03 IST" finished-at="2023-04-01T00:44:14 IST">
          <reporter-output>
          </reporter-output>
        </test-method> <!-- addMultiProdToCart -->
        <test-method status="PASS" signature="tear()[pri:0, instance:testcases.AddMultipleProducTestCase@150c158]" name="tear" is-config="true" duration-ms="1" started-at="2023-04-01T00:44:14 IST" finished-at="2023-04-01T00:44:14 IST">
          <reporter-output>
          </reporter-output>
        </test-method> <!-- tear -->
      </class> <!-- testcases.AddMultipleProducTestCase -->
    </test> <!-- Default test -->
  </suite> <!-- Default suite -->
</testng-results>
