<?xml version="1.0" encoding="UTF-8"?>
<!-- Generated by org.testng.reporters.JUnitXMLReporter -->
<testsuite hostname="DESKTOP-QDKHUFG" ignored="2" name="functional" tests="5" failures="0" timestamp="2023-03-30T17:51:52 IST" time="70.108" errors="0">
  <testcase name="verifyUser" time="12.929" classname="testcases.LoginTestCase"/>
  <testcase name="verifyUser" time="1.799" classname="testcases.LoginTestCase"/>
  <testcase name="verifyUser" time="0.639" classname="testcases.LoginTestCase"/>
  <testcase name="verifyUser" time="0.643" classname="testcases.LoginTestCase"/>
  <testcase name="addMultiProdToCart" time="11.295" classname="testcases.AddMultipleProducTestCase"/>
  <testcase name="@AfterTest tear" time="0.0" classname="Utility.BaseClass">
    <ignored/>
  </testcase> <!-- @AfterTest tear -->
  <testcase name="@BeforeTest setup" time="0.0" classname="Utility.BaseClass">
    <ignored/>
  </testcase> <!-- @BeforeTest setup -->
</testsuite> <!-- functional -->
