<?xml version="1.0" encoding="UTF-8"?>
<!-- Generated by org.testng.reporters.JUnitXMLReporter -->
<testsuite hostname="DESKTOP-QDKHUFG" ignored="2" name="functional" tests="5" failures="0" timestamp="2023-04-04T19:45:59 IST" time="88.563" errors="0">
  <testcase name="verifyUser" time="5.33" classname="testcases.LoginTestCase"/>
  <testcase name="verifyUser" time="0.811" classname="testcases.LoginTestCase"/>
  <testcase name="verifyUser" time="0.769" classname="testcases.LoginTestCase"/>
  <testcase name="verifyUser" time="0.704" classname="testcases.LoginTestCase"/>
  <testcase name="addMultiProdToCart" time="6.326" classname="testcases.AddMultipleProducTestCase"/>
  <testcase name="@AfterTest tear" time="0.0" classname="Utility.BaseClass">
    <ignored/>
  </testcase> <!-- @AfterTest tear -->
  <testcase name="@BeforeTest setup" time="0.0" classname="Utility.BaseClass">
    <ignored/>
  </testcase> <!-- @BeforeTest setup -->
</testsuite> <!-- functional -->
