<?xml version="1.0" encoding="UTF-8"?>
<!-- Generated by org.testng.reporters.JUnitXMLReporter -->
<testsuite hostname="DESKTOP-QDKHUFG" ignored="0" name="Test" tests="4" failures="0" timestamp="2023-03-24T19:59:53 IST" time="55.98" errors="0">
  <testcase name="verifyUser" time="17.305" classname="testcases.LoginTestCase"/>
  <testcase name="verifyUser" time="1.96" classname="testcases.LoginTestCase"/>
  <testcase name="verifyUser" time="0.743" classname="testcases.LoginTestCase"/>
  <testcase name="verifyUser" time="0.97" classname="testcases.LoginTestCase"/>
</testsuite> <!-- Test -->
